Grammar

    0 $accept: osrldoc $end

    1 @1: /* empty */

    2 osrldoc: osrlstart resultHeader resultData @1 OSRLEND

    3 osrlstart: OSRLSTART GREATERTHAN
    4          | OSRLSTART OSRLATTRIBUTETEXT GREATERTHAN

    5 resultHeader: RESULTHEADERSTART generalStatus serviceURI serviceName instanceName jobID headerMessage RESULTHEADEREND

    6 generalStatus: GENERALSTATUSSTART anotherGeneralStatusATT GREATERTHAN GENERALSTATUSEND
    7              | GENERALSTATUSSTART anotherGeneralStatusATT ENDOFELEMENT

    8 anotherGeneralStatusATT: generalstatusatt
    9                        | anotherGeneralStatusATT generalstatusatt

   10 generalstatusatt: TYPEATT ATTRIBUTETEXT quote
   11                 | DESCRIPTIONATT ATTRIBUTETEXT quote

   12 serviceURI: /* empty */
   13           | SERVICEURISTARTANDEND
   14           | SERVICEURISTART ELEMENTTEXT SERVICEURIEND
   15           | SERVICEURISTART SERVICEURIEND

   16 serviceName: /* empty */
   17            | SERVICENAMESTARTANDEND
   18            | SERVICENAMESTART ELEMENTTEXT SERVICENAMEEND
   19            | SERVICENAMESTART SERVICENAMEEND

   20 instanceName: /* empty */
   21             | INSTANCENAMESTARTANDEND
   22             | INSTANCENAMESTART ELEMENTTEXT INSTANCENAMEEND
   23             | INSTANCENAMESTART INSTANCENAMEEND

   24 jobID: /* empty */
   25      | JOBIDSTARTANDEND
   26      | JOBIDSTART ELEMENTTEXT JOBIDEND
   27      | JOBIDSTART JOBIDEND

   28 headerMessage: /* empty */
   29              | MESSAGESTARTANDEND
   30              | MESSAGESTART ELEMENTTEXT MESSAGEEND
   31              | MESSAGESTART MESSAGEEND

   32 resultData: RESULTDATASTARTANDEND
   33           | RESULTDATASTART statistics optimization otherResultData RESULTDATAEND
   34           | RESULTDATASTART RESULTDATAEND

   35 otherResultData: /* empty */
   36                | DUMMY

   37 statistics: /* empty */
   38           | DUMMY

   39 @2: /* empty */

   40 optimization: OPTIMIZATIONSTART anotherOptATT @2 optend

   41 optend: ENDOFELEMENT
   42       | GREATERTHAN solution

   43 anotherOptATT: /* empty */
   44              | anotherOptATT optatt

   45 optatt: optnumsolatt quote
   46       | optnumvaratt quote
   47       | optnumconatt quote
   48       | optnumobjatt quote

   49 optnumsolatt: NUMBEROFSOLUTIONSATT INTEGER

   50 optnumvaratt: NUMBEROFVARIABLESATT INTEGER

   51 optnumconatt: NUMBEROFCONSTRAINTSATT INTEGER

   52 optnumobjatt: NUMBEROFOBJECTIVESATT INTEGER

   53 solution: OPTIMIZATIONEND
   54         | anothersolution OPTIMIZATIONEND
   55         | solution anothersolution OPTIMIZATIONEND

   56 anothersolution: SOLUTIONSTART objectiveIDXATT GREATERTHAN status message variables objectives constraints otherSolution

   57 objectiveIDXATT: /* empty */
   58                | OBJECTIVEIDXATT INTEGER quote

   59 status: STATUSSTART anotherStatusATT GREATERTHAN STATUSEND
   60       | STATUSSTART anotherStatusATT ENDOFELEMENT

   61 anotherStatusATT: statusatt
   62                 | anotherStatusATT statusatt

   63 statusatt: TYPEATT ATTRIBUTETEXT quote
   64          | DESCRIPTIONATT ATTRIBUTETEXT quote

   65 message: /* empty */
   66        | MESSAGESTART ELEMENTTEXT MESSAGEEND
   67        | MESSAGESTART MESSAGEEND

   68 variables: /* empty */
   69          | VARIABLESSTART GREATERTHAN VALUESSTART GREATERTHAN var VALUESEND otherVariables VARIABLESEND

   70 var: anothervar
   71    | var anothervar

   72 anothervar: VARSTART anIDXATT GREATERTHAN DOUBLE VAREND
   73           | VARSTART anIDXATT GREATERTHAN INTEGER VAREND

   74 otherVariables: /* empty */
   75               | otherVariables otherVariableResult

   76 @3: /* empty */

   77 @4: /* empty */

   78 otherVariableResult: OTHERSTART @3 anotherotherVarATT GREATERTHAN @4 othervar OTHEREND

   79 othervar: anotherothervar
   80         | othervar anotherothervar

   81 anotherothervar: VARSTART anIDXATT GREATERTHAN ELEMENTTEXT VAREND
   82                | VARSTART anIDXATT GREATERTHAN DOUBLE VAREND
   83                | VARSTART anIDXATT GREATERTHAN INTEGER VAREND

   84 anotherotherVarATT: otheratt
   85                   | anotherotherVarATT otheratt

   86 otheratt: NAMEATT ATTRIBUTETEXT quote
   87         | DESCRIPTIONATT ATTRIBUTETEXT quote

   88 objectives: /* empty */
   89           | OBJECTIVESSTART GREATERTHAN VALUESSTART GREATERTHAN obj VALUESEND otherObjectives OBJECTIVESEND

   90 obj: anotherobj
   91    | obj anotherobj

   92 anotherobj: OBJSTART anIDXATT GREATERTHAN DOUBLE OBJEND
   93           | OBJSTART anIDXATT GREATERTHAN INTEGER OBJEND

   94 constraints: /* empty */
   95            | CONSTRAINTSSTART GREATERTHAN DUALVALUESSTART GREATERTHAN con DUALVALUESEND otherConstraints CONSTRAINTSEND

   96 con: anothercon
   97    | con anothercon

   98 anothercon: CONSTART anIDXATT GREATERTHAN DOUBLE CONEND
   99           | CONSTART anIDXATT GREATERTHAN INTEGER CONEND

  100 anIDXATT: IDXATT INTEGER quote

  101 otherObjectives: /* empty */
  102                | DUMMY

  103 otherConstraints: /* empty */
  104                 | DUMMY

  105 otherSolution: SOLUTIONEND
  106              | DUMMY SOLUTIONEND

  107 quote: xmlWhiteSpace QUOTE

  108 xmlWhiteSpaceChar: ' '
  109                  | '\t'
  110                  | '\r'
  111                  | '\n'

  112 xmlWhiteSpace: /* empty */
  113              | xmlWhiteSpace xmlWhiteSpaceChar


Terminals, with rules where they appear

$end (0) 0
'\t' (9) 109
'\n' (10) 111
'\r' (13) 110
' ' (32) 108
error (256)
ATTRIBUTETEXT (258) 10 11 63 64 86 87
ELEMENTTEXT (259) 14 18 22 26 30 66 81
INTEGER (260) 49 50 51 52 58 73 83 93 99 100
DOUBLE (261) 72 82 92 98
QUOTE (262) 107
GREATERTHAN (263) 3 4 6 42 56 59 69 72 73 78 81 82 83 89 92 93 95 98
    99
ENDOFELEMENT (264) 7 41 60
OSRLSTART (265) 3 4
OSRLATTRIBUTETEXT (266) 4
OSRLEND (267) 2
RESULTHEADERSTART (268) 5
RESULTHEADEREND (269) 5
SERVICEURISTARTANDEND (270) 13
SERVICEURISTART (271) 14 15
SERVICEURIEND (272) 14 15
SERVICENAMESTARTANDEND (273) 17
SERVICENAMESTART (274) 18 19
SERVICENAMEEND (275) 18 19
INSTANCENAMESTARTANDEND (276) 21
INSTANCENAMESTART (277) 22 23
INSTANCENAMEEND (278) 22 23
JOBIDSTARTANDEND (279) 25
JOBIDSTART (280) 26 27
JOBIDEND (281) 26 27
RESULTDATASTART (282) 33 34
RESULTDATAEND (283) 33 34
RESULTDATASTARTANDEND (284) 32
OPTIMIZATIONSTART (285) 40
OPTIMIZATIONEND (286) 53 54 55
SOLUTIONSTART (287) 56
SOLUTIONEND (288) 105 106
VALUESSTART (289) 69 89
VALUESEND (290) 69 89
DUALVALUESSTART (291) 95
DUALVALUESEND (292) 95
VARIABLESSTART (293) 69
VARIABLESEND (294) 69
VARSTART (295) 72 73 81 82 83
VAREND (296) 72 73 81 82 83
OBJECTIVESSTART (297) 89
OBJECTIVESEND (298) 89
OBJSTART (299) 92 93
OBJEND (300) 92 93
CONSTRAINTSSTART (301) 95
CONSTRAINTSEND (302) 95
CONSTART (303) 98 99
CONEND (304) 98 99
STATUSSTART (305) 59 60
STATUSEND (306) 59
GENERALSTATUSSTART (307) 6 7
GENERALSTATUSEND (308) 6
MESSAGESTART (309) 30 31 66 67
MESSAGEEND (310) 30 31 66 67
MESSAGESTARTANDEND (311) 29
OTHERSTART (312) 78
OTHEREND (313) 78
NUMBEROFSOLUTIONSATT (314) 49
NUMBEROFVARIABLESATT (315) 50
NUMBEROFCONSTRAINTSATT (316) 51
NUMBEROFOBJECTIVESATT (317) 52
OBJECTIVEIDXATT (318) 58
IDXATT (319) 100
TYPEATT (320) 10 63
DESCRIPTIONATT (321) 11 64 87
NAMEATT (322) 86
DUMMY (323) 36 38 102 104 106


Nonterminals, with rules where they appear

$accept (73)
    on left: 0
osrldoc (74)
    on left: 2, on right: 0
@1 (75)
    on left: 1, on right: 2
osrlstart (76)
    on left: 3 4, on right: 2
resultHeader (77)
    on left: 5, on right: 2
generalStatus (78)
    on left: 6 7, on right: 5
anotherGeneralStatusATT (79)
    on left: 8 9, on right: 6 7 9
generalstatusatt (80)
    on left: 10 11, on right: 8 9
serviceURI (81)
    on left: 12 13 14 15, on right: 5
serviceName (82)
    on left: 16 17 18 19, on right: 5
instanceName (83)
    on left: 20 21 22 23, on right: 5
jobID (84)
    on left: 24 25 26 27, on right: 5
headerMessage (85)
    on left: 28 29 30 31, on right: 5
resultData (86)
    on left: 32 33 34, on right: 2
otherResultData (87)
    on left: 35 36, on right: 33
statistics (88)
    on left: 37 38, on right: 33
optimization (89)
    on left: 40, on right: 33
@2 (90)
    on left: 39, on right: 40
optend (91)
    on left: 41 42, on right: 40
anotherOptATT (92)
    on left: 43 44, on right: 40 44
optatt (93)
    on left: 45 46 47 48, on right: 44
optnumsolatt (94)
    on left: 49, on right: 45
optnumvaratt (95)
    on left: 50, on right: 46
optnumconatt (96)
    on left: 51, on right: 47
optnumobjatt (97)
    on left: 52, on right: 48
solution (98)
    on left: 53 54 55, on right: 42 55
anothersolution (99)
    on left: 56, on right: 54 55
objectiveIDXATT (100)
    on left: 57 58, on right: 56
status (101)
    on left: 59 60, on right: 56
anotherStatusATT (102)
    on left: 61 62, on right: 59 60 62
statusatt (103)
    on left: 63 64, on right: 61 62
message (104)
    on left: 65 66 67, on right: 56
variables (105)
    on left: 68 69, on right: 56
var (106)
    on left: 70 71, on right: 69 71
anothervar (107)
    on left: 72 73, on right: 70 71
otherVariables (108)
    on left: 74 75, on right: 69 75
otherVariableResult (109)
    on left: 78, on right: 75
@3 (110)
    on left: 76, on right: 78
@4 (111)
    on left: 77, on right: 78
othervar (112)
    on left: 79 80, on right: 78 80
anotherothervar (113)
    on left: 81 82 83, on right: 79 80
anotherotherVarATT (114)
    on left: 84 85, on right: 78 85
otheratt (115)
    on left: 86 87, on right: 84 85
objectives (116)
    on left: 88 89, on right: 56
obj (117)
    on left: 90 91, on right: 89 91
anotherobj (118)
    on left: 92 93, on right: 90 91
constraints (119)
    on left: 94 95, on right: 56
con (120)
    on left: 96 97, on right: 95 97
anothercon (121)
    on left: 98 99, on right: 96 97
anIDXATT (122)
    on left: 100, on right: 72 73 81 82 83 92 93 98 99
otherObjectives (123)
    on left: 101 102, on right: 89
otherConstraints (124)
    on left: 103 104, on right: 95
otherSolution (125)
    on left: 105 106, on right: 56
quote (126)
    on left: 107, on right: 10 11 45 46 47 48 58 63 64 86 87 100
xmlWhiteSpaceChar (127)
    on left: 108 109 110 111, on right: 113
xmlWhiteSpace (128)
    on left: 112 113, on right: 107 113


state 0

    0 $accept: . osrldoc $end

    OSRLSTART  shift, and go to state 1

    osrldoc    go to state 2
    osrlstart  go to state 3


state 1

    3 osrlstart: OSRLSTART . GREATERTHAN
    4          | OSRLSTART . OSRLATTRIBUTETEXT GREATERTHAN

    GREATERTHAN        shift, and go to state 4
    OSRLATTRIBUTETEXT  shift, and go to state 5


state 2

    0 $accept: osrldoc . $end

    $end  shift, and go to state 6


state 3

    2 osrldoc: osrlstart . resultHeader resultData @1 OSRLEND

    RESULTHEADERSTART  shift, and go to state 7

    resultHeader  go to state 8


state 4

    3 osrlstart: OSRLSTART GREATERTHAN .

    $default  reduce using rule 3 (osrlstart)


state 5

    4 osrlstart: OSRLSTART OSRLATTRIBUTETEXT . GREATERTHAN

    GREATERTHAN  shift, and go to state 9


state 6

    0 $accept: osrldoc $end .

    $default  accept


state 7

    5 resultHeader: RESULTHEADERSTART . generalStatus serviceURI serviceName instanceName jobID headerMessage RESULTHEADEREND

    GENERALSTATUSSTART  shift, and go to state 10

    generalStatus  go to state 11


state 8

    2 osrldoc: osrlstart resultHeader . resultData @1 OSRLEND

    RESULTDATASTART        shift, and go to state 12
    RESULTDATASTARTANDEND  shift, and go to state 13

    resultData  go to state 14


state 9

    4 osrlstart: OSRLSTART OSRLATTRIBUTETEXT GREATERTHAN .

    $default  reduce using rule 4 (osrlstart)


state 10

    6 generalStatus: GENERALSTATUSSTART . anotherGeneralStatusATT GREATERTHAN GENERALSTATUSEND
    7              | GENERALSTATUSSTART . anotherGeneralStatusATT ENDOFELEMENT

    TYPEATT         shift, and go to state 15
    DESCRIPTIONATT  shift, and go to state 16

    anotherGeneralStatusATT  go to state 17
    generalstatusatt         go to state 18


state 11

    5 resultHeader: RESULTHEADERSTART generalStatus . serviceURI serviceName instanceName jobID headerMessage RESULTHEADEREND

    SERVICEURISTARTANDEND  shift, and go to state 19
    SERVICEURISTART        shift, and go to state 20

    $default  reduce using rule 12 (serviceURI)

    serviceURI  go to state 21


state 12

   33 resultData: RESULTDATASTART . statistics optimization otherResultData RESULTDATAEND
   34           | RESULTDATASTART . RESULTDATAEND

    RESULTDATAEND  shift, and go to state 22
    DUMMY          shift, and go to state 23

    $default  reduce using rule 37 (statistics)

    statistics  go to state 24


state 13

   32 resultData: RESULTDATASTARTANDEND .

    $default  reduce using rule 32 (resultData)


state 14

    2 osrldoc: osrlstart resultHeader resultData . @1 OSRLEND

    $default  reduce using rule 1 (@1)

    @1  go to state 25


state 15

   10 generalstatusatt: TYPEATT . ATTRIBUTETEXT quote

    ATTRIBUTETEXT  shift, and go to state 26


state 16

   11 generalstatusatt: DESCRIPTIONATT . ATTRIBUTETEXT quote

    ATTRIBUTETEXT  shift, and go to state 27


state 17

    6 generalStatus: GENERALSTATUSSTART anotherGeneralStatusATT . GREATERTHAN GENERALSTATUSEND
    7              | GENERALSTATUSSTART anotherGeneralStatusATT . ENDOFELEMENT
    9 anotherGeneralStatusATT: anotherGeneralStatusATT . generalstatusatt

    GREATERTHAN     shift, and go to state 28
    ENDOFELEMENT    shift, and go to state 29
    TYPEATT         shift, and go to state 15
    DESCRIPTIONATT  shift, and go to state 16

    generalstatusatt  go to state 30


state 18

    8 anotherGeneralStatusATT: generalstatusatt .

    $default  reduce using rule 8 (anotherGeneralStatusATT)


state 19

   13 serviceURI: SERVICEURISTARTANDEND .

    $default  reduce using rule 13 (serviceURI)


state 20

   14 serviceURI: SERVICEURISTART . ELEMENTTEXT SERVICEURIEND
   15           | SERVICEURISTART . SERVICEURIEND

    ELEMENTTEXT    shift, and go to state 31
    SERVICEURIEND  shift, and go to state 32


state 21

    5 resultHeader: RESULTHEADERSTART generalStatus serviceURI . serviceName instanceName jobID headerMessage RESULTHEADEREND

    SERVICENAMESTARTANDEND  shift, and go to state 33
    SERVICENAMESTART        shift, and go to state 34

    $default  reduce using rule 16 (serviceName)

    serviceName  go to state 35


state 22

   34 resultData: RESULTDATASTART RESULTDATAEND .

    $default  reduce using rule 34 (resultData)


state 23

   38 statistics: DUMMY .

    $default  reduce using rule 38 (statistics)


state 24

   33 resultData: RESULTDATASTART statistics . optimization otherResultData RESULTDATAEND

    OPTIMIZATIONSTART  shift, and go to state 36

    optimization  go to state 37


state 25

    2 osrldoc: osrlstart resultHeader resultData @1 . OSRLEND

    OSRLEND  shift, and go to state 38


state 26

   10 generalstatusatt: TYPEATT ATTRIBUTETEXT . quote

    $default  reduce using rule 112 (xmlWhiteSpace)

    quote          go to state 39
    xmlWhiteSpace  go to state 40


state 27

   11 generalstatusatt: DESCRIPTIONATT ATTRIBUTETEXT . quote

    $default  reduce using rule 112 (xmlWhiteSpace)

    quote          go to state 41
    xmlWhiteSpace  go to state 40


state 28

    6 generalStatus: GENERALSTATUSSTART anotherGeneralStatusATT GREATERTHAN . GENERALSTATUSEND

    GENERALSTATUSEND  shift, and go to state 42


state 29

    7 generalStatus: GENERALSTATUSSTART anotherGeneralStatusATT ENDOFELEMENT .

    $default  reduce using rule 7 (generalStatus)


state 30

    9 anotherGeneralStatusATT: anotherGeneralStatusATT generalstatusatt .

    $default  reduce using rule 9 (anotherGeneralStatusATT)


state 31

   14 serviceURI: SERVICEURISTART ELEMENTTEXT . SERVICEURIEND

    SERVICEURIEND  shift, and go to state 43


state 32

   15 serviceURI: SERVICEURISTART SERVICEURIEND .

    $default  reduce using rule 15 (serviceURI)


state 33

   17 serviceName: SERVICENAMESTARTANDEND .

    $default  reduce using rule 17 (serviceName)


state 34

   18 serviceName: SERVICENAMESTART . ELEMENTTEXT SERVICENAMEEND
   19            | SERVICENAMESTART . SERVICENAMEEND

    ELEMENTTEXT     shift, and go to state 44
    SERVICENAMEEND  shift, and go to state 45


state 35

    5 resultHeader: RESULTHEADERSTART generalStatus serviceURI serviceName . instanceName jobID headerMessage RESULTHEADEREND

    INSTANCENAMESTARTANDEND  shift, and go to state 46
    INSTANCENAMESTART        shift, and go to state 47

    $default  reduce using rule 20 (instanceName)

    instanceName  go to state 48


state 36

   40 optimization: OPTIMIZATIONSTART . anotherOptATT @2 optend

    $default  reduce using rule 43 (anotherOptATT)

    anotherOptATT  go to state 49


state 37

   33 resultData: RESULTDATASTART statistics optimization . otherResultData RESULTDATAEND

    DUMMY  shift, and go to state 50

    $default  reduce using rule 35 (otherResultData)

    otherResultData  go to state 51


state 38

    2 osrldoc: osrlstart resultHeader resultData @1 OSRLEND .

    $default  reduce using rule 2 (osrldoc)


state 39

   10 generalstatusatt: TYPEATT ATTRIBUTETEXT quote .

    $default  reduce using rule 10 (generalstatusatt)


state 40

  107 quote: xmlWhiteSpace . QUOTE
  113 xmlWhiteSpace: xmlWhiteSpace . xmlWhiteSpaceChar

    QUOTE  shift, and go to state 52
    ' '    shift, and go to state 53
    '\t'   shift, and go to state 54
    '\r'   shift, and go to state 55
    '\n'   shift, and go to state 56

    xmlWhiteSpaceChar  go to state 57


state 41

   11 generalstatusatt: DESCRIPTIONATT ATTRIBUTETEXT quote .

    $default  reduce using rule 11 (generalstatusatt)


state 42

    6 generalStatus: GENERALSTATUSSTART anotherGeneralStatusATT GREATERTHAN GENERALSTATUSEND .

    $default  reduce using rule 6 (generalStatus)


state 43

   14 serviceURI: SERVICEURISTART ELEMENTTEXT SERVICEURIEND .

    $default  reduce using rule 14 (serviceURI)


state 44

   18 serviceName: SERVICENAMESTART ELEMENTTEXT . SERVICENAMEEND

    SERVICENAMEEND  shift, and go to state 58


state 45

   19 serviceName: SERVICENAMESTART SERVICENAMEEND .

    $default  reduce using rule 19 (serviceName)


state 46

   21 instanceName: INSTANCENAMESTARTANDEND .

    $default  reduce using rule 21 (instanceName)


state 47

   22 instanceName: INSTANCENAMESTART . ELEMENTTEXT INSTANCENAMEEND
   23             | INSTANCENAMESTART . INSTANCENAMEEND

    ELEMENTTEXT      shift, and go to state 59
    INSTANCENAMEEND  shift, and go to state 60


state 48

    5 resultHeader: RESULTHEADERSTART generalStatus serviceURI serviceName instanceName . jobID headerMessage RESULTHEADEREND

    JOBIDSTARTANDEND  shift, and go to state 61
    JOBIDSTART        shift, and go to state 62

    $default  reduce using rule 24 (jobID)

    jobID  go to state 63


state 49

   40 optimization: OPTIMIZATIONSTART anotherOptATT . @2 optend
   44 anotherOptATT: anotherOptATT . optatt

    NUMBEROFSOLUTIONSATT    shift, and go to state 64
    NUMBEROFVARIABLESATT    shift, and go to state 65
    NUMBEROFCONSTRAINTSATT  shift, and go to state 66
    NUMBEROFOBJECTIVESATT   shift, and go to state 67

    $default  reduce using rule 39 (@2)

    @2            go to state 68
    optatt        go to state 69
    optnumsolatt  go to state 70
    optnumvaratt  go to state 71
    optnumconatt  go to state 72
    optnumobjatt  go to state 73


state 50

   36 otherResultData: DUMMY .

    $default  reduce using rule 36 (otherResultData)


state 51

   33 resultData: RESULTDATASTART statistics optimization otherResultData . RESULTDATAEND

    RESULTDATAEND  shift, and go to state 74


state 52

  107 quote: xmlWhiteSpace QUOTE .

    $default  reduce using rule 107 (quote)


state 53

  108 xmlWhiteSpaceChar: ' ' .

    $default  reduce using rule 108 (xmlWhiteSpaceChar)


state 54

  109 xmlWhiteSpaceChar: '\t' .

    $default  reduce using rule 109 (xmlWhiteSpaceChar)


state 55

  110 xmlWhiteSpaceChar: '\r' .

    $default  reduce using rule 110 (xmlWhiteSpaceChar)


state 56

  111 xmlWhiteSpaceChar: '\n' .

    $default  reduce using rule 111 (xmlWhiteSpaceChar)


state 57

  113 xmlWhiteSpace: xmlWhiteSpace xmlWhiteSpaceChar .

    $default  reduce using rule 113 (xmlWhiteSpace)


state 58

   18 serviceName: SERVICENAMESTART ELEMENTTEXT SERVICENAMEEND .

    $default  reduce using rule 18 (serviceName)


state 59

   22 instanceName: INSTANCENAMESTART ELEMENTTEXT . INSTANCENAMEEND

    INSTANCENAMEEND  shift, and go to state 75


state 60

   23 instanceName: INSTANCENAMESTART INSTANCENAMEEND .

    $default  reduce using rule 23 (instanceName)


state 61

   25 jobID: JOBIDSTARTANDEND .

    $default  reduce using rule 25 (jobID)


state 62

   26 jobID: JOBIDSTART . ELEMENTTEXT JOBIDEND
   27      | JOBIDSTART . JOBIDEND

    ELEMENTTEXT  shift, and go to state 76
    JOBIDEND     shift, and go to state 77


state 63

    5 resultHeader: RESULTHEADERSTART generalStatus serviceURI serviceName instanceName jobID . headerMessage RESULTHEADEREND

    MESSAGESTART        shift, and go to state 78
    MESSAGESTARTANDEND  shift, and go to state 79

    $default  reduce using rule 28 (headerMessage)

    headerMessage  go to state 80


state 64

   49 optnumsolatt: NUMBEROFSOLUTIONSATT . INTEGER

    INTEGER  shift, and go to state 81


state 65

   50 optnumvaratt: NUMBEROFVARIABLESATT . INTEGER

    INTEGER  shift, and go to state 82


state 66

   51 optnumconatt: NUMBEROFCONSTRAINTSATT . INTEGER

    INTEGER  shift, and go to state 83


state 67

   52 optnumobjatt: NUMBEROFOBJECTIVESATT . INTEGER

    INTEGER  shift, and go to state 84


state 68

   40 optimization: OPTIMIZATIONSTART anotherOptATT @2 . optend

    GREATERTHAN   shift, and go to state 85
    ENDOFELEMENT  shift, and go to state 86

    optend  go to state 87


state 69

   44 anotherOptATT: anotherOptATT optatt .

    $default  reduce using rule 44 (anotherOptATT)


state 70

   45 optatt: optnumsolatt . quote

    $default  reduce using rule 112 (xmlWhiteSpace)

    quote          go to state 88
    xmlWhiteSpace  go to state 40


state 71

   46 optatt: optnumvaratt . quote

    $default  reduce using rule 112 (xmlWhiteSpace)

    quote          go to state 89
    xmlWhiteSpace  go to state 40


state 72

   47 optatt: optnumconatt . quote

    $default  reduce using rule 112 (xmlWhiteSpace)

    quote          go to state 90
    xmlWhiteSpace  go to state 40


state 73

   48 optatt: optnumobjatt . quote

    $default  reduce using rule 112 (xmlWhiteSpace)

    quote          go to state 91
    xmlWhiteSpace  go to state 40


state 74

   33 resultData: RESULTDATASTART statistics optimization otherResultData RESULTDATAEND .

    $default  reduce using rule 33 (resultData)


state 75

   22 instanceName: INSTANCENAMESTART ELEMENTTEXT INSTANCENAMEEND .

    $default  reduce using rule 22 (instanceName)


state 76

   26 jobID: JOBIDSTART ELEMENTTEXT . JOBIDEND

    JOBIDEND  shift, and go to state 92


state 77

   27 jobID: JOBIDSTART JOBIDEND .

    $default  reduce using rule 27 (jobID)


state 78

   30 headerMessage: MESSAGESTART . ELEMENTTEXT MESSAGEEND
   31              | MESSAGESTART . MESSAGEEND

    ELEMENTTEXT  shift, and go to state 93
    MESSAGEEND   shift, and go to state 94


state 79

   29 headerMessage: MESSAGESTARTANDEND .

    $default  reduce using rule 29 (headerMessage)


state 80

    5 resultHeader: RESULTHEADERSTART generalStatus serviceURI serviceName instanceName jobID headerMessage . RESULTHEADEREND

    RESULTHEADEREND  shift, and go to state 95


state 81

   49 optnumsolatt: NUMBEROFSOLUTIONSATT INTEGER .

    $default  reduce using rule 49 (optnumsolatt)


state 82

   50 optnumvaratt: NUMBEROFVARIABLESATT INTEGER .

    $default  reduce using rule 50 (optnumvaratt)


state 83

   51 optnumconatt: NUMBEROFCONSTRAINTSATT INTEGER .

    $default  reduce using rule 51 (optnumconatt)


state 84

   52 optnumobjatt: NUMBEROFOBJECTIVESATT INTEGER .

    $default  reduce using rule 52 (optnumobjatt)


state 85

   42 optend: GREATERTHAN . solution

    OPTIMIZATIONEND  shift, and go to state 96
    SOLUTIONSTART    shift, and go to state 97

    solution         go to state 98
    anothersolution  go to state 99


state 86

   41 optend: ENDOFELEMENT .

    $default  reduce using rule 41 (optend)


state 87

   40 optimization: OPTIMIZATIONSTART anotherOptATT @2 optend .

    $default  reduce using rule 40 (optimization)


state 88

   45 optatt: optnumsolatt quote .

    $default  reduce using rule 45 (optatt)


state 89

   46 optatt: optnumvaratt quote .

    $default  reduce using rule 46 (optatt)


state 90

   47 optatt: optnumconatt quote .

    $default  reduce using rule 47 (optatt)


state 91

   48 optatt: optnumobjatt quote .

    $default  reduce using rule 48 (optatt)


state 92

   26 jobID: JOBIDSTART ELEMENTTEXT JOBIDEND .

    $default  reduce using rule 26 (jobID)


state 93

   30 headerMessage: MESSAGESTART ELEMENTTEXT . MESSAGEEND

    MESSAGEEND  shift, and go to state 100


state 94

   31 headerMessage: MESSAGESTART MESSAGEEND .

    $default  reduce using rule 31 (headerMessage)


state 95

    5 resultHeader: RESULTHEADERSTART generalStatus serviceURI serviceName instanceName jobID headerMessage RESULTHEADEREND .

    $default  reduce using rule 5 (resultHeader)


state 96

   53 solution: OPTIMIZATIONEND .

    $default  reduce using rule 53 (solution)


state 97

   56 anothersolution: SOLUTIONSTART . objectiveIDXATT GREATERTHAN status message variables objectives constraints otherSolution

    OBJECTIVEIDXATT  shift, and go to state 101

    $default  reduce using rule 57 (objectiveIDXATT)

    objectiveIDXATT  go to state 102


state 98

   42 optend: GREATERTHAN solution .
   55 solution: solution . anothersolution OPTIMIZATIONEND

    SOLUTIONSTART  shift, and go to state 97

    $default  reduce using rule 42 (optend)

    anothersolution  go to state 103


state 99

   54 solution: anothersolution . OPTIMIZATIONEND

    OPTIMIZATIONEND  shift, and go to state 104


state 100

   30 headerMessage: MESSAGESTART ELEMENTTEXT MESSAGEEND .

    $default  reduce using rule 30 (headerMessage)


state 101

   58 objectiveIDXATT: OBJECTIVEIDXATT . INTEGER quote

    INTEGER  shift, and go to state 105


state 102

   56 anothersolution: SOLUTIONSTART objectiveIDXATT . GREATERTHAN status message variables objectives constraints otherSolution

    GREATERTHAN  shift, and go to state 106


state 103

   55 solution: solution anothersolution . OPTIMIZATIONEND

    OPTIMIZATIONEND  shift, and go to state 107


state 104

   54 solution: anothersolution OPTIMIZATIONEND .

    $default  reduce using rule 54 (solution)


state 105

   58 objectiveIDXATT: OBJECTIVEIDXATT INTEGER . quote

    $default  reduce using rule 112 (xmlWhiteSpace)

    quote          go to state 108
    xmlWhiteSpace  go to state 40


state 106

   56 anothersolution: SOLUTIONSTART objectiveIDXATT GREATERTHAN . status message variables objectives constraints otherSolution

    STATUSSTART  shift, and go to state 109

    status  go to state 110


state 107

   55 solution: solution anothersolution OPTIMIZATIONEND .

    $default  reduce using rule 55 (solution)


state 108

   58 objectiveIDXATT: OBJECTIVEIDXATT INTEGER quote .

    $default  reduce using rule 58 (objectiveIDXATT)


state 109

   59 status: STATUSSTART . anotherStatusATT GREATERTHAN STATUSEND
   60       | STATUSSTART . anotherStatusATT ENDOFELEMENT

    TYPEATT         shift, and go to state 111
    DESCRIPTIONATT  shift, and go to state 112

    anotherStatusATT  go to state 113
    statusatt         go to state 114


state 110

   56 anothersolution: SOLUTIONSTART objectiveIDXATT GREATERTHAN status . message variables objectives constraints otherSolution

    MESSAGESTART  shift, and go to state 115

    $default  reduce using rule 65 (message)

    message  go to state 116


state 111

   63 statusatt: TYPEATT . ATTRIBUTETEXT quote

    ATTRIBUTETEXT  shift, and go to state 117


state 112

   64 statusatt: DESCRIPTIONATT . ATTRIBUTETEXT quote

    ATTRIBUTETEXT  shift, and go to state 118


state 113

   59 status: STATUSSTART anotherStatusATT . GREATERTHAN STATUSEND
   60       | STATUSSTART anotherStatusATT . ENDOFELEMENT
   62 anotherStatusATT: anotherStatusATT . statusatt

    GREATERTHAN     shift, and go to state 119
    ENDOFELEMENT    shift, and go to state 120
    TYPEATT         shift, and go to state 111
    DESCRIPTIONATT  shift, and go to state 112

    statusatt  go to state 121


state 114

   61 anotherStatusATT: statusatt .

    $default  reduce using rule 61 (anotherStatusATT)


state 115

   66 message: MESSAGESTART . ELEMENTTEXT MESSAGEEND
   67        | MESSAGESTART . MESSAGEEND

    ELEMENTTEXT  shift, and go to state 122
    MESSAGEEND   shift, and go to state 123


state 116

   56 anothersolution: SOLUTIONSTART objectiveIDXATT GREATERTHAN status message . variables objectives constraints otherSolution

    VARIABLESSTART  shift, and go to state 124

    $default  reduce using rule 68 (variables)

    variables  go to state 125


state 117

   63 statusatt: TYPEATT ATTRIBUTETEXT . quote

    $default  reduce using rule 112 (xmlWhiteSpace)

    quote          go to state 126
    xmlWhiteSpace  go to state 40


state 118

   64 statusatt: DESCRIPTIONATT ATTRIBUTETEXT . quote

    $default  reduce using rule 112 (xmlWhiteSpace)

    quote          go to state 127
    xmlWhiteSpace  go to state 40


state 119

   59 status: STATUSSTART anotherStatusATT GREATERTHAN . STATUSEND

    STATUSEND  shift, and go to state 128


state 120

   60 status: STATUSSTART anotherStatusATT ENDOFELEMENT .

    $default  reduce using rule 60 (status)


state 121

   62 anotherStatusATT: anotherStatusATT statusatt .

    $default  reduce using rule 62 (anotherStatusATT)


state 122

   66 message: MESSAGESTART ELEMENTTEXT . MESSAGEEND

    MESSAGEEND  shift, and go to state 129


state 123

   67 message: MESSAGESTART MESSAGEEND .

    $default  reduce using rule 67 (message)


state 124

   69 variables: VARIABLESSTART . GREATERTHAN VALUESSTART GREATERTHAN var VALUESEND otherVariables VARIABLESEND

    GREATERTHAN  shift, and go to state 130


state 125

   56 anothersolution: SOLUTIONSTART objectiveIDXATT GREATERTHAN status message variables . objectives constraints otherSolution

    OBJECTIVESSTART  shift, and go to state 131

    $default  reduce using rule 88 (objectives)

    objectives  go to state 132


state 126

   63 statusatt: TYPEATT ATTRIBUTETEXT quote .

    $default  reduce using rule 63 (statusatt)


state 127

   64 statusatt: DESCRIPTIONATT ATTRIBUTETEXT quote .

    $default  reduce using rule 64 (statusatt)


state 128

   59 status: STATUSSTART anotherStatusATT GREATERTHAN STATUSEND .

    $default  reduce using rule 59 (status)


state 129

   66 message: MESSAGESTART ELEMENTTEXT MESSAGEEND .

    $default  reduce using rule 66 (message)


state 130

   69 variables: VARIABLESSTART GREATERTHAN . VALUESSTART GREATERTHAN var VALUESEND otherVariables VARIABLESEND

    VALUESSTART  shift, and go to state 133


state 131

   89 objectives: OBJECTIVESSTART . GREATERTHAN VALUESSTART GREATERTHAN obj VALUESEND otherObjectives OBJECTIVESEND

    GREATERTHAN  shift, and go to state 134


state 132

   56 anothersolution: SOLUTIONSTART objectiveIDXATT GREATERTHAN status message variables objectives . constraints otherSolution

    CONSTRAINTSSTART  shift, and go to state 135

    $default  reduce using rule 94 (constraints)

    constraints  go to state 136


state 133

   69 variables: VARIABLESSTART GREATERTHAN VALUESSTART . GREATERTHAN var VALUESEND otherVariables VARIABLESEND

    GREATERTHAN  shift, and go to state 137


state 134

   89 objectives: OBJECTIVESSTART GREATERTHAN . VALUESSTART GREATERTHAN obj VALUESEND otherObjectives OBJECTIVESEND

    VALUESSTART  shift, and go to state 138


state 135

   95 constraints: CONSTRAINTSSTART . GREATERTHAN DUALVALUESSTART GREATERTHAN con DUALVALUESEND otherConstraints CONSTRAINTSEND

    GREATERTHAN  shift, and go to state 139


state 136

   56 anothersolution: SOLUTIONSTART objectiveIDXATT GREATERTHAN status message variables objectives constraints . otherSolution

    SOLUTIONEND  shift, and go to state 140
    DUMMY        shift, and go to state 141

    otherSolution  go to state 142


state 137

   69 variables: VARIABLESSTART GREATERTHAN VALUESSTART GREATERTHAN . var VALUESEND otherVariables VARIABLESEND

    VARSTART  shift, and go to state 143

    var         go to state 144
    anothervar  go to state 145


state 138

   89 objectives: OBJECTIVESSTART GREATERTHAN VALUESSTART . GREATERTHAN obj VALUESEND otherObjectives OBJECTIVESEND

    GREATERTHAN  shift, and go to state 146


state 139

   95 constraints: CONSTRAINTSSTART GREATERTHAN . DUALVALUESSTART GREATERTHAN con DUALVALUESEND otherConstraints CONSTRAINTSEND

    DUALVALUESSTART  shift, and go to state 147


state 140

  105 otherSolution: SOLUTIONEND .

    $default  reduce using rule 105 (otherSolution)


state 141

  106 otherSolution: DUMMY . SOLUTIONEND

    SOLUTIONEND  shift, and go to state 148


state 142

   56 anothersolution: SOLUTIONSTART objectiveIDXATT GREATERTHAN status message variables objectives constraints otherSolution .

    $default  reduce using rule 56 (anothersolution)


state 143

   72 anothervar: VARSTART . anIDXATT GREATERTHAN DOUBLE VAREND
   73           | VARSTART . anIDXATT GREATERTHAN INTEGER VAREND

    IDXATT  shift, and go to state 149

    anIDXATT  go to state 150


state 144

   69 variables: VARIABLESSTART GREATERTHAN VALUESSTART GREATERTHAN var . VALUESEND otherVariables VARIABLESEND
   71 var: var . anothervar

    VALUESEND  shift, and go to state 151
    VARSTART   shift, and go to state 143

    anothervar  go to state 152


state 145

   70 var: anothervar .

    $default  reduce using rule 70 (var)


state 146

   89 objectives: OBJECTIVESSTART GREATERTHAN VALUESSTART GREATERTHAN . obj VALUESEND otherObjectives OBJECTIVESEND

    OBJSTART  shift, and go to state 153

    obj         go to state 154
    anotherobj  go to state 155


state 147

   95 constraints: CONSTRAINTSSTART GREATERTHAN DUALVALUESSTART . GREATERTHAN con DUALVALUESEND otherConstraints CONSTRAINTSEND

    GREATERTHAN  shift, and go to state 156


state 148

  106 otherSolution: DUMMY SOLUTIONEND .

    $default  reduce using rule 106 (otherSolution)


state 149

  100 anIDXATT: IDXATT . INTEGER quote

    INTEGER  shift, and go to state 157


state 150

   72 anothervar: VARSTART anIDXATT . GREATERTHAN DOUBLE VAREND
   73           | VARSTART anIDXATT . GREATERTHAN INTEGER VAREND

    GREATERTHAN  shift, and go to state 158


state 151

   69 variables: VARIABLESSTART GREATERTHAN VALUESSTART GREATERTHAN var VALUESEND . otherVariables VARIABLESEND

    $default  reduce using rule 74 (otherVariables)

    otherVariables  go to state 159


state 152

   71 var: var anothervar .

    $default  reduce using rule 71 (var)


state 153

   92 anotherobj: OBJSTART . anIDXATT GREATERTHAN DOUBLE OBJEND
   93           | OBJSTART . anIDXATT GREATERTHAN INTEGER OBJEND

    IDXATT  shift, and go to state 149

    anIDXATT  go to state 160


state 154

   89 objectives: OBJECTIVESSTART GREATERTHAN VALUESSTART GREATERTHAN obj . VALUESEND otherObjectives OBJECTIVESEND
   91 obj: obj . anotherobj

    VALUESEND  shift, and go to state 161
    OBJSTART   shift, and go to state 153

    anotherobj  go to state 162


state 155

   90 obj: anotherobj .

    $default  reduce using rule 90 (obj)


state 156

   95 constraints: CONSTRAINTSSTART GREATERTHAN DUALVALUESSTART GREATERTHAN . con DUALVALUESEND otherConstraints CONSTRAINTSEND

    CONSTART  shift, and go to state 163

    con         go to state 164
    anothercon  go to state 165


state 157

  100 anIDXATT: IDXATT INTEGER . quote

    $default  reduce using rule 112 (xmlWhiteSpace)

    quote          go to state 166
    xmlWhiteSpace  go to state 40


state 158

   72 anothervar: VARSTART anIDXATT GREATERTHAN . DOUBLE VAREND
   73           | VARSTART anIDXATT GREATERTHAN . INTEGER VAREND

    INTEGER  shift, and go to state 167
    DOUBLE   shift, and go to state 168


state 159

   69 variables: VARIABLESSTART GREATERTHAN VALUESSTART GREATERTHAN var VALUESEND otherVariables . VARIABLESEND
   75 otherVariables: otherVariables . otherVariableResult

    VARIABLESEND  shift, and go to state 169
    OTHERSTART    shift, and go to state 170

    otherVariableResult  go to state 171


state 160

   92 anotherobj: OBJSTART anIDXATT . GREATERTHAN DOUBLE OBJEND
   93           | OBJSTART anIDXATT . GREATERTHAN INTEGER OBJEND

    GREATERTHAN  shift, and go to state 172


state 161

   89 objectives: OBJECTIVESSTART GREATERTHAN VALUESSTART GREATERTHAN obj VALUESEND . otherObjectives OBJECTIVESEND

    DUMMY  shift, and go to state 173

    $default  reduce using rule 101 (otherObjectives)

    otherObjectives  go to state 174


state 162

   91 obj: obj anotherobj .

    $default  reduce using rule 91 (obj)


state 163

   98 anothercon: CONSTART . anIDXATT GREATERTHAN DOUBLE CONEND
   99           | CONSTART . anIDXATT GREATERTHAN INTEGER CONEND

    IDXATT  shift, and go to state 149

    anIDXATT  go to state 175


state 164

   95 constraints: CONSTRAINTSSTART GREATERTHAN DUALVALUESSTART GREATERTHAN con . DUALVALUESEND otherConstraints CONSTRAINTSEND
   97 con: con . anothercon

    DUALVALUESEND  shift, and go to state 176
    CONSTART       shift, and go to state 163

    anothercon  go to state 177


state 165

   96 con: anothercon .

    $default  reduce using rule 96 (con)


state 166

  100 anIDXATT: IDXATT INTEGER quote .

    $default  reduce using rule 100 (anIDXATT)


state 167

   73 anothervar: VARSTART anIDXATT GREATERTHAN INTEGER . VAREND

    VAREND  shift, and go to state 178


state 168

   72 anothervar: VARSTART anIDXATT GREATERTHAN DOUBLE . VAREND

    VAREND  shift, and go to state 179


state 169

   69 variables: VARIABLESSTART GREATERTHAN VALUESSTART GREATERTHAN var VALUESEND otherVariables VARIABLESEND .

    $default  reduce using rule 69 (variables)


state 170

   78 otherVariableResult: OTHERSTART . @3 anotherotherVarATT GREATERTHAN @4 othervar OTHEREND

    $default  reduce using rule 76 (@3)

    @3  go to state 180


state 171

   75 otherVariables: otherVariables otherVariableResult .

    $default  reduce using rule 75 (otherVariables)


state 172

   92 anotherobj: OBJSTART anIDXATT GREATERTHAN . DOUBLE OBJEND
   93           | OBJSTART anIDXATT GREATERTHAN . INTEGER OBJEND

    INTEGER  shift, and go to state 181
    DOUBLE   shift, and go to state 182


state 173

  102 otherObjectives: DUMMY .

    $default  reduce using rule 102 (otherObjectives)


state 174

   89 objectives: OBJECTIVESSTART GREATERTHAN VALUESSTART GREATERTHAN obj VALUESEND otherObjectives . OBJECTIVESEND

    OBJECTIVESEND  shift, and go to state 183


state 175

   98 anothercon: CONSTART anIDXATT . GREATERTHAN DOUBLE CONEND
   99           | CONSTART anIDXATT . GREATERTHAN INTEGER CONEND

    GREATERTHAN  shift, and go to state 184


state 176

   95 constraints: CONSTRAINTSSTART GREATERTHAN DUALVALUESSTART GREATERTHAN con DUALVALUESEND . otherConstraints CONSTRAINTSEND

    DUMMY  shift, and go to state 185

    $default  reduce using rule 103 (otherConstraints)

    otherConstraints  go to state 186


state 177

   97 con: con anothercon .

    $default  reduce using rule 97 (con)


state 178

   73 anothervar: VARSTART anIDXATT GREATERTHAN INTEGER VAREND .

    $default  reduce using rule 73 (anothervar)


state 179

   72 anothervar: VARSTART anIDXATT GREATERTHAN DOUBLE VAREND .

    $default  reduce using rule 72 (anothervar)


state 180

   78 otherVariableResult: OTHERSTART @3 . anotherotherVarATT GREATERTHAN @4 othervar OTHEREND

    DESCRIPTIONATT  shift, and go to state 187
    NAMEATT         shift, and go to state 188

    anotherotherVarATT  go to state 189
    otheratt            go to state 190


state 181

   93 anotherobj: OBJSTART anIDXATT GREATERTHAN INTEGER . OBJEND

    OBJEND  shift, and go to state 191


state 182

   92 anotherobj: OBJSTART anIDXATT GREATERTHAN DOUBLE . OBJEND

    OBJEND  shift, and go to state 192


state 183

   89 objectives: OBJECTIVESSTART GREATERTHAN VALUESSTART GREATERTHAN obj VALUESEND otherObjectives OBJECTIVESEND .

    $default  reduce using rule 89 (objectives)


state 184

   98 anothercon: CONSTART anIDXATT GREATERTHAN . DOUBLE CONEND
   99           | CONSTART anIDXATT GREATERTHAN . INTEGER CONEND

    INTEGER  shift, and go to state 193
    DOUBLE   shift, and go to state 194


state 185

  104 otherConstraints: DUMMY .

    $default  reduce using rule 104 (otherConstraints)


state 186

   95 constraints: CONSTRAINTSSTART GREATERTHAN DUALVALUESSTART GREATERTHAN con DUALVALUESEND otherConstraints . CONSTRAINTSEND

    CONSTRAINTSEND  shift, and go to state 195


state 187

   87 otheratt: DESCRIPTIONATT . ATTRIBUTETEXT quote

    ATTRIBUTETEXT  shift, and go to state 196


state 188

   86 otheratt: NAMEATT . ATTRIBUTETEXT quote

    ATTRIBUTETEXT  shift, and go to state 197


state 189

   78 otherVariableResult: OTHERSTART @3 anotherotherVarATT . GREATERTHAN @4 othervar OTHEREND
   85 anotherotherVarATT: anotherotherVarATT . otheratt

    GREATERTHAN     shift, and go to state 198
    DESCRIPTIONATT  shift, and go to state 187
    NAMEATT         shift, and go to state 188

    otheratt  go to state 199


state 190

   84 anotherotherVarATT: otheratt .

    $default  reduce using rule 84 (anotherotherVarATT)


state 191

   93 anotherobj: OBJSTART anIDXATT GREATERTHAN INTEGER OBJEND .

    $default  reduce using rule 93 (anotherobj)


state 192

   92 anotherobj: OBJSTART anIDXATT GREATERTHAN DOUBLE OBJEND .

    $default  reduce using rule 92 (anotherobj)


state 193

   99 anothercon: CONSTART anIDXATT GREATERTHAN INTEGER . CONEND

    CONEND  shift, and go to state 200


state 194

   98 anothercon: CONSTART anIDXATT GREATERTHAN DOUBLE . CONEND

    CONEND  shift, and go to state 201


state 195

   95 constraints: CONSTRAINTSSTART GREATERTHAN DUALVALUESSTART GREATERTHAN con DUALVALUESEND otherConstraints CONSTRAINTSEND .

    $default  reduce using rule 95 (constraints)


state 196

   87 otheratt: DESCRIPTIONATT ATTRIBUTETEXT . quote

    $default  reduce using rule 112 (xmlWhiteSpace)

    quote          go to state 202
    xmlWhiteSpace  go to state 40


state 197

   86 otheratt: NAMEATT ATTRIBUTETEXT . quote

    $default  reduce using rule 112 (xmlWhiteSpace)

    quote          go to state 203
    xmlWhiteSpace  go to state 40


state 198

   78 otherVariableResult: OTHERSTART @3 anotherotherVarATT GREATERTHAN . @4 othervar OTHEREND

    $default  reduce using rule 77 (@4)

    @4  go to state 204


state 199

   85 anotherotherVarATT: anotherotherVarATT otheratt .

    $default  reduce using rule 85 (anotherotherVarATT)


state 200

   99 anothercon: CONSTART anIDXATT GREATERTHAN INTEGER CONEND .

    $default  reduce using rule 99 (anothercon)


state 201

   98 anothercon: CONSTART anIDXATT GREATERTHAN DOUBLE CONEND .

    $default  reduce using rule 98 (anothercon)


state 202

   87 otheratt: DESCRIPTIONATT ATTRIBUTETEXT quote .

    $default  reduce using rule 87 (otheratt)


state 203

   86 otheratt: NAMEATT ATTRIBUTETEXT quote .

    $default  reduce using rule 86 (otheratt)


state 204

   78 otherVariableResult: OTHERSTART @3 anotherotherVarATT GREATERTHAN @4 . othervar OTHEREND

    VARSTART  shift, and go to state 205

    othervar         go to state 206
    anotherothervar  go to state 207


state 205

   81 anotherothervar: VARSTART . anIDXATT GREATERTHAN ELEMENTTEXT VAREND
   82                | VARSTART . anIDXATT GREATERTHAN DOUBLE VAREND
   83                | VARSTART . anIDXATT GREATERTHAN INTEGER VAREND

    IDXATT  shift, and go to state 149

    anIDXATT  go to state 208


state 206

   78 otherVariableResult: OTHERSTART @3 anotherotherVarATT GREATERTHAN @4 othervar . OTHEREND
   80 othervar: othervar . anotherothervar

    VARSTART  shift, and go to state 205
    OTHEREND  shift, and go to state 209

    anotherothervar  go to state 210


state 207

   79 othervar: anotherothervar .

    $default  reduce using rule 79 (othervar)


state 208

   81 anotherothervar: VARSTART anIDXATT . GREATERTHAN ELEMENTTEXT VAREND
   82                | VARSTART anIDXATT . GREATERTHAN DOUBLE VAREND
   83                | VARSTART anIDXATT . GREATERTHAN INTEGER VAREND

    GREATERTHAN  shift, and go to state 211


state 209

   78 otherVariableResult: OTHERSTART @3 anotherotherVarATT GREATERTHAN @4 othervar OTHEREND .

    $default  reduce using rule 78 (otherVariableResult)


state 210

   80 othervar: othervar anotherothervar .

    $default  reduce using rule 80 (othervar)


state 211

   81 anotherothervar: VARSTART anIDXATT GREATERTHAN . ELEMENTTEXT VAREND
   82                | VARSTART anIDXATT GREATERTHAN . DOUBLE VAREND
   83                | VARSTART anIDXATT GREATERTHAN . INTEGER VAREND

    ELEMENTTEXT  shift, and go to state 212
    INTEGER      shift, and go to state 213
    DOUBLE       shift, and go to state 214


state 212

   81 anotherothervar: VARSTART anIDXATT GREATERTHAN ELEMENTTEXT . VAREND

    VAREND  shift, and go to state 215


state 213

   83 anotherothervar: VARSTART anIDXATT GREATERTHAN INTEGER . VAREND

    VAREND  shift, and go to state 216


state 214

   82 anotherothervar: VARSTART anIDXATT GREATERTHAN DOUBLE . VAREND

    VAREND  shift, and go to state 217


state 215

   81 anotherothervar: VARSTART anIDXATT GREATERTHAN ELEMENTTEXT VAREND .

    $default  reduce using rule 81 (anotherothervar)


state 216

   83 anotherothervar: VARSTART anIDXATT GREATERTHAN INTEGER VAREND .

    $default  reduce using rule 83 (anotherothervar)


state 217

   82 anotherothervar: VARSTART anIDXATT GREATERTHAN DOUBLE VAREND .

    $default  reduce using rule 82 (anotherothervar)
