#
# An unexpected error has been detected by HotSpot Virtual Machine:
#
#  EXCEPTION_ACCESS_VIOLATION (0xc0000005) at pc=0x6d6f46b8, pid=3876, tid=2388
#
# Java VM: Java HotSpot(TM) Client VM (1.5.0_06-b05 mixed mode)
# Problematic frame:
# V  [jvm.dll+0x846b8]
#

---------------  T H R E A D  ---------------

Current thread (0x0082d080):  JavaThread "Signal Dispatcher" daemon [_thread_in_vm, id=2388]

siginfo: ExceptionCode=0xc0000005, writing address 0x457edd1c

Registers:
EAX=0x00002000, EBX=0x457efeec, ECX=0x457edd1c, EDX=0x457b6040
ESP=0x457efd24, EBP=0x457efd84, ESI=0x00000002, EDI=0x457efd1c
EIP=0x6d6f46b8, EFLAGS=0x00010202

Top of Stack: (sp=0x457efd24)
0x457efd24:   0082e818 0082d080 6d6f4561 413aba90
0x457efd34:   0082d080 0082e808 6d6c5511 00000002
0x457efd44:   6d6c54b3 0082e818 0082e818 6d733f31
0x457efd54:   0082e818 0082e814 0082d080 457efd9c
0x457efd64:   6d7351cf 0082e80c 0082e810 0082e814
0x457efd74:   0082e818 00000008 457efef4 00b87510
0x457efd84:   457efdc8 6d749317 0000000a 00000000
0x457efd94:   457efe38 0082e808 413aba90 0082d080 

Instructions: (pc=0x6d6f46b8)
0x6d6f46a8:   7b 6d 7c 18 e8 0f 3c 05 00 0f af c6 8b cf 2b c8
0x6d6f46b8:   83 21 00 46 3b 35 7c 9e 7b 6d 7e e8 5f 5e c3 8b 


Stack: [0x457b0000,0x457f0000),  sp=0x457efd24,  free space=255k
Native frames: (J=compiled Java code, j=interpreted, Vv=VM code, C=native code)
V  [jvm.dll+0x846b8]
V  [jvm.dll+0xd9317]
V  [jvm.dll+0x8447a]
V  [jvm.dll+0x841d7]
V  [jvm.dll+0x10a277]
V  [jvm.dll+0x109ff6]
V  [jvm.dll+0x109fb1]
C  [MSVCRT.dll+0x2a3b0]
C  [kernel32.dll+0xb50b]


---------------  P R O C E S S  ---------------

Java Threads: ( => current thread )
  0x00830e70 JavaThread "Low Memory Detector" daemon [_thread_blocked, id=3028]
  0x0082e240 JavaThread "CompilerThread0" daemon [_thread_blocked, id=3832]
=>0x0082d080 JavaThread "Signal Dispatcher" daemon [_thread_in_vm, id=2388]
  0x0082c410 JavaThread "Finalizer" daemon [_thread_blocked, id=3480]
  0x0082b1a0 JavaThread "Reference Handler" daemon [_thread_blocked, id=3684]

Other Threads:
  0x0082a4b0 VMThread [id=804]

VM state:synchronizing (normal execution)

VM Mutex/Monitor currently owned by a thread:  ([mutex/lock_event])
[0x00822680/0x0000171c] Threads_lock - owner thread: 0x0082a4b0
[0x00822510/0x000016e0] Heap_lock - owner thread: 0x00839e70

Heap
 def new generation   total 35456K, used 2619K [0x02b80000, 0x051f0000, 0x07860000)
  eden space 31552K,   8% used [0x02b80000, 0x02e0eee0, 0x04a50000)
  from space 3904K,   0% used [0x04a50000, 0x04a50000, 0x04e20000)
  to   space 3904K,   0% used [0x04e20000, 0x04e20000, 0x051f0000)
 tenured generation   total 472640K, used 0K [0x07860000, 0x245f0000, 0x41380000)
   the space 472640K,   0% used [0x07860000, 0x07860000, 0x07860200, 0x245f0000)
 compacting perm gen  total 8192K, used 2276K [0x41380000, 0x41b80000, 0x45380000)
   the space 8192K,  27% used [0x41380000, 0x415b9068, 0x415b9200, 0x41b80000)
No shared spaces configured.

Dynamic libraries:
0x00400000 - 0x0040c000 	C:\Program Files\Java\jre1.5.0_06\bin\javaw.exe
0x7c900000 - 0x7c9b0000 	C:\WINDOWS\system32\ntdll.dll
0x7c800000 - 0x7c8f4000 	C:\WINDOWS\system32\kernel32.dll
0x77dd0000 - 0x77e6b000 	C:\WINDOWS\system32\ADVAPI32.dll
0x77e70000 - 0x77f01000 	C:\WINDOWS\system32\RPCRT4.dll
0x77d40000 - 0x77dd0000 	C:\WINDOWS\system32\USER32.dll
0x77f10000 - 0x77f57000 	C:\WINDOWS\system32\GDI32.dll
0x77c10000 - 0x77c68000 	C:\WINDOWS\system32\MSVCRT.dll
0x76390000 - 0x763ad000 	C:\WINDOWS\system32\IMM32.DLL
0x629c0000 - 0x629c9000 	C:\WINDOWS\system32\LPK.DLL
0x74d90000 - 0x74dfb000 	C:\WINDOWS\system32\USP10.dll
0x6d670000 - 0x6d804000 	C:\Program Files\Java\jre1.5.0_06\bin\client\jvm.dll
0x76b40000 - 0x76b6d000 	C:\WINDOWS\system32\WINMM.dll
0x5cd70000 - 0x5cd77000 	C:\WINDOWS\system32\serwvdrv.dll
0x5b0a0000 - 0x5b0a7000 	C:\WINDOWS\system32\umdmxfrm.dll
0x6d280000 - 0x6d288000 	C:\Program Files\Java\jre1.5.0_06\bin\hpi.dll
0x76bf0000 - 0x76bfb000 	C:\WINDOWS\system32\PSAPI.DLL
0x6d640000 - 0x6d64c000 	C:\Program Files\Java\jre1.5.0_06\bin\verify.dll
0x6d300000 - 0x6d31d000 	C:\Program Files\Java\jre1.5.0_06\bin\java.dll
0x6d660000 - 0x6d66f000 	C:\Program Files\Java\jre1.5.0_06\bin\zip.dll

VM Arguments:
jvm_args: -Djava.library.path=C:\code\java\OSjava\OSCommon\lib\swt_win32 -Xms500M -Xmx1000M
java_command: org.optimizationservices.osmodeler.gui.OSmLGUI
Launcher Type: SUN_STANDARD

Environment Variables:
JAVA_HOME=C:\Program Files\Java\jdk1.5.0_06
CLASSPATH=C:\Program Files\Java\jdk1.5.0_06\lib\tools.jar;C:\Program Files\Java\jdk1.5.0_06\lib\dt.jar
PATH=C:\WINDOWS\system32;C:\WINDOWS;C:\WINDOWS\System32\Wbem;
USERNAME=Jun
OS=Windows_NT
PROCESSOR_IDENTIFIER=x86 Family 6 Model 8 Stepping 10, GenuineIntel



---------------  S Y S T E M  ---------------

OS: Windows XP Build 2600 Service Pack 2

CPU:total 1 family 6, cmov, cx8, fxsr, mmx, sse

Memory: 4k page, physical 523736k(181324k free), swap 1018016k(4900k free)

vm_info: Java HotSpot(TM) Client VM (1.5.0_06-b05) for windows-x86, built on Nov 10 2005 11:12:14 by "java_re" with MS VC++ 6.0

